<?xml version="1.0" encoding="UTF-8"?>
<!-- Generated by org.testng.reporters.JUnitXMLReporter -->
<testsuite hostname="YCSPC009" name="Testng_learn" tests="2" failures="1" timestamp="4 Nov 2020 09:14:19 GMT" time="2.077" errors="0">
  <testcase name="loginTest" time="1.947" classname="com.qa.test.TjTest"/>
  <testcase name="getUserTest" time="0.102" classname="com.qa.test.TjTest">
    <failure type="java.lang.StringIndexOutOfBoundsException" message="String index out of range: 344">
      <![CDATA[java.lang.StringIndexOutOfBoundsException: String index out of range: 344
	at java.lang.String.substring(String.java:1951)
	at com.qa.util.TJDecode.decryptStr(TJDecode.java:15)
	at com.qa.restclient.KeyMethod.getActions(KeyMethod.java:205)
	at com.qa.restclient.KeyMethod.excel(KeyMethod.java:78)
	at com.qa.test.TjTest.getUserTest(TjTest.java:47)
... Removed 28 stack frames]]>
    </failure>
  </testcase> <!-- getUserTest -->
</testsuite> <!-- Testng_learn -->
